<?xml version="1.0" encoding="UTF-8"?>
<!-- Generated by org.testng.reporters.JUnitReportReporter -->
<testsuite hostname="BBMDVPANKAJGUP.local" name="Maven.Test.UIAutomationTest" tests="2" failures="0" timestamp="15 Sep 2019 12:45:12 GMT" time="0.009" errors="0">
  <testcase name="login" time="0.001" classname="Maven.Test.UIAutomationTest"/>
  <testcase name="inValidlogin" time="0.008" classname="Maven.Test.UIAutomationTest"/>
</testsuite> <!-- Maven.Test.UIAutomationTest -->
